\BOOKMARK [1][-]{section.1}{Assembling dataset}{}% 1
\BOOKMARK [2][-]{subsection.1.1}{Country / regions}{section.1}% 2
\BOOKMARK [2][-]{subsection.1.2}{Extrapolation}{section.1}% 3
\BOOKMARK [2][-]{subsection.1.3}{Plots}{section.1}% 4
\BOOKMARK [2][-]{subsection.1.4}{Tables}{section.1}% 5
\BOOKMARK [3][-]{subsubsection.1.4.1}{Tables - controlled for gap}{subsection.1.4}% 6
\BOOKMARK [1][-]{section.2}{Comparative growth accounting}{}% 7
\BOOKMARK [2][-]{subsection.2.1}{LAC vs benchmarks}{section.2}% 8
\BOOKMARK [2][-]{subsection.2.2}{Individual countries vs benchmarks}{section.2}% 9
\BOOKMARK [2][-]{subsection.2.3}{Regression}{section.2}% 10
\BOOKMARK [3][-]{subsubsection.2.3.1}{Main regression}{subsection.2.3}% 11
\BOOKMARK [3][-]{subsubsection.2.3.2}{Non-LAC benchmark - with Africa - lag}{subsection.2.3}% 12
\BOOKMARK [3][-]{subsubsection.2.3.3}{Non-LAC benchmark - with Africa - nonlag}{subsection.2.3}% 13
\BOOKMARK [3][-]{subsubsection.2.3.4}{Non-LAC benchmark - NO AFRICA}{subsection.2.3}% 14
\BOOKMARK [3][-]{subsubsection.2.3.5}{Pre-1990}{subsection.2.3}% 15
\BOOKMARK [3][-]{subsubsection.2.3.6}{Post-1990}{subsection.2.3}% 16
\BOOKMARK [1][-]{section.3}{Inequality}{}% 17
\BOOKMARK [1][-]{section.4}{Post 1990 analysis}{}% 18
\BOOKMARK [2][-]{subsection.4.1}{Tables}{section.4}% 19
\BOOKMARK [2][-]{subsection.4.2}{Regression}{section.4}% 20
